2025-06-14 12:00:09,130 - INFO - Добавлена панель: 🏠 Главная панель
2025-06-14 12:00:09,130 - INFO - Фреймворк запущен
2025-06-14 12:00:28,540 - INFO - Добавлена панель: 📄 Элемент 1
2025-06-14 12:00:28,541 - INFO - Навигация: добавлена панель 📄 Элемент 1
2025-06-14 12:07:50,514 - INFO - Фреймворк остановлен
2025-06-14 12:08:04,156 - INFO - Добавлена панель: 🏠 Главная панель
2025-06-14 12:08:04,156 - INFO - Фреймворк запущен
2025-06-14 12:08:06,864 - INFO - Фреймворк остановлен
2025-06-14 12:08:13,321 - INFO - Добавлена панель: 🏠 Главная панель
2025-06-14 12:08:13,321 - INFO - Фреймворк запущен
2025-06-14 12:08:14,264 - INFO - Фреймворк остановлен
2025-06-14 12:42:19,200 - INFO - Добавлена панель: 🏠 Главная панель
2025-06-14 12:42:19,200 - INFO - Фреймворк запущен
2025-06-14 12:42:35,094 - INFO - Фреймворк остановлен
2025-06-14 12:50:31,608 - INFO - Добавлена панель: 🏠 Главная панель
2025-06-14 12:50:31,608 - INFO - Фреймворк запущен
2025-06-14 12:50:38,987 - INFO - Фреймворк остановлен
2025-06-14 12:52:39,039 - INFO - Добавлена панель: 🏠 Главная панель
2025-06-14 12:52:39,040 - INFO - Фреймворк запущен
2025-06-14 12:53:14,873 - INFO - Фреймворк остановлен
2025-06-14 12:54:22,698 - INFO - Добавлена панель: 🏠 Главная панель
2025-06-14 12:54:22,698 - INFO - Фреймворк запущен
2025-06-14 12:55:18,757 - INFO - Фреймворк остановлен
2025-06-14 12:55:22,644 - INFO - Добавлена панель: 🏠 Главная панель
2025-06-14 12:55:22,644 - INFO - Фреймворк запущен
2025-06-14 12:55:26,265 - INFO - Фреймворк остановлен
2025-06-14 13:04:13,604 - INFO - Добавлена панель: 🏠 Главная панель
2025-06-14 13:04:13,604 - INFO - Фреймворк запущен
2025-06-14 13:05:16,406 - INFO - Фреймворк остановлен
2025-06-14 14:08:01,102 - INFO - Добавлена панель: 🏠 Главная панель
2025-06-14 14:08:01,103 - INFO - Фреймворк запущен
2025-06-14 14:08:11,334 - INFO - Фреймворк остановлен
2025-06-14 18:47:19,456 - INFO - Добавлена панель: 🏠 Главная панель
2025-06-14 18:47:19,482 - INFO - Фреймворк запущен
2025-06-14 18:47:33,133 - INFO - Фреймворк остановлен
2025-06-14 18:47:39,980 - INFO - Добавлена панель: 📁 root
2025-06-14 18:47:39,981 - INFO - Фреймворк запущен
2025-06-14 18:47:41,910 - INFO - Фреймворк остановлен
2025-06-14 18:47:51,937 - INFO - Добавлена панель: 🏠 Главная панель
2025-06-14 18:47:51,937 - INFO - Фреймворк запущен
2025-06-14 18:47:54,293 - INFO - Добавлена панель: 📄 Элемент 1
2025-06-14 18:47:54,294 - INFO - Навигация: добавлена панель 📄 Элемент 1
2025-06-14 18:48:00,427 - INFO - Фреймворк остановлен
2025-06-14 18:48:51,316 - INFO - Добавлена панель: 🏠 Главная панель
2025-06-14 18:48:51,316 - INFO - Фреймворк запущен
2025-06-14 18:48:52,830 - INFO - Фреймворк остановлен
2025-06-14 18:48:57,635 - INFO - Добавлена панель: 🏠 Главная панель
2025-06-14 18:48:57,635 - INFO - Фреймворк запущен
2025-06-14 18:49:01,739 - INFO - Добавлена панель: 📄 Элемент 1
2025-06-14 18:49:01,739 - INFO - Навигация: добавлена панель 📄 Элемент 1
2025-06-14 18:49:07,054 - INFO - Фреймворк остановлен
